2025-04-27 03:15:50,227 - INFO - 
========================================
阶段1：图像特征点提取
========================================
2025-04-27 03:15:50,242 - INFO - 
====================
文件：1722.png处理完成。
本文件共检测到： 61 个点。
生成校验图路径：results\1722\1722_check.png
提取坐标文件路径：results\1722\1722_points.csv
====================
2025-04-27 03:15:50,257 - INFO - 
====================
文件：1723.png处理完成。
本文件共检测到： 61 个点。
生成校验图路径：results\1723\1723_check.png
提取坐标文件路径：results\1723\1723_points.csv
====================
2025-04-27 03:15:50,271 - INFO - 
====================
文件：1724.png处理完成。
本文件共检测到： 60 个点。
生成校验图路径：results\1724\1724_check.png
提取坐标文件路径：results\1724\1724_points.csv
====================
2025-04-27 03:15:50,285 - INFO - 
====================
文件：1725.png处理完成。
本文件共检测到： 60 个点。
生成校验图路径：results\1725\1725_check.png
提取坐标文件路径：results\1725\1725_points.csv
====================
2025-04-27 03:15:50,298 - INFO - 
====================
文件：1726.png处理完成。
本文件共检测到： 60 个点。
生成校验图路径：results\1726\1726_check.png
提取坐标文件路径：results\1726\1726_points.csv
====================
2025-04-27 03:15:50,313 - INFO - 
====================
文件：1727.png处理完成。
本文件共检测到： 60 个点。
生成校验图路径：results\1727\1727_check.png
提取坐标文件路径：results\1727\1727_points.csv
====================
2025-04-27 03:15:50,330 - INFO - 
====================
文件：1728.png处理完成。
本文件共检测到： 60 个点。
生成校验图路径：results\1728\1728_check.png
提取坐标文件路径：results\1728\1728_points.csv
====================
2025-04-27 03:15:50,343 - INFO - 
====================
文件：1729.png处理完成。
本文件共检测到： 60 个点。
生成校验图路径：results\1729\1729_check.png
提取坐标文件路径：results\1729\1729_points.csv
====================
2025-04-27 03:15:50,354 - INFO - 
====================
文件：1730.png处理完成。
本文件共检测到： 60 个点。
生成校验图路径：results\1730\1730_check.png
提取坐标文件路径：results\1730\1730_points.csv
====================
2025-04-27 03:15:50,354 - INFO - 
✅ 图像处理完成 耗时: 0.1秒
2025-04-27 03:15:50,354 - INFO - 
========================================
阶段2：反射率数据提取
========================================
2025-04-27 03:15:50,357 - INFO - 找到 9 个待处理图像ID
2025-04-27 03:15:50,369 - INFO - 成功打开文件 .\meta_data\1729\results\REFLECTANCE_1729.dat
2025-04-27 03:15:50,369 - WARNING - 警告❕ 文件缺少地理参考信息
2025-04-27 03:15:51,113 - INFO - 
====================
成功处理：1729
输出文件：results\1729\reflectance_1729.csv
包含数据：60条记录
====================
2025-04-27 03:15:51,159 - INFO - 成功打开文件 .\meta_data\1723\results\REFLECTANCE_1723.dat
2025-04-27 03:15:51,159 - WARNING - 警告❕ 文件缺少地理参考信息
2025-04-27 03:15:51,912 - INFO - 
====================
成功处理：1723
输出文件：results\1723\reflectance_1723.csv
包含数据：61条记录
====================
2025-04-27 03:15:51,958 - INFO - 成功打开文件 .\meta_data\1726\results\REFLECTANCE_1726.dat
2025-04-27 03:15:51,958 - WARNING - 警告❕ 文件缺少地理参考信息
2025-04-27 03:15:52,676 - INFO - 
====================
成功处理：1726
输出文件：results\1726\reflectance_1726.csv
包含数据：60条记录
====================
2025-04-27 03:15:52,729 - INFO - 成功打开文件 .\meta_data\1727\results\REFLECTANCE_1727.dat
2025-04-27 03:15:52,729 - WARNING - 警告❕ 文件缺少地理参考信息
2025-04-27 03:15:53,451 - INFO - 
====================
成功处理：1727
输出文件：results\1727\reflectance_1727.csv
包含数据：60条记录
====================
2025-04-27 03:15:53,499 - INFO - 成功打开文件 .\meta_data\1728\results\REFLECTANCE_1728.dat
2025-04-27 03:15:53,499 - WARNING - 警告❕ 文件缺少地理参考信息
2025-04-27 03:15:54,261 - INFO - 
====================
成功处理：1728
输出文件：results\1728\reflectance_1728.csv
包含数据：60条记录
====================
2025-04-27 03:15:54,312 - INFO - 成功打开文件 .\meta_data\1730\results\REFLECTANCE_1730.dat
2025-04-27 03:15:54,312 - WARNING - 警告❕ 文件缺少地理参考信息
2025-04-27 03:15:55,076 - INFO - 
====================
成功处理：1730
输出文件：results\1730\reflectance_1730.csv
包含数据：60条记录
====================
2025-04-27 03:15:55,123 - INFO - 成功打开文件 .\meta_data\1724\results\REFLECTANCE_1724.dat
2025-04-27 03:15:55,123 - WARNING - 警告❕ 文件缺少地理参考信息
2025-04-27 03:15:55,912 - INFO - 
====================
成功处理：1724
输出文件：results\1724\reflectance_1724.csv
包含数据：60条记录
====================
2025-04-27 03:15:55,961 - INFO - 成功打开文件 .\meta_data\1725\results\REFLECTANCE_1725.dat
2025-04-27 03:15:55,961 - WARNING - 警告❕ 文件缺少地理参考信息
2025-04-27 03:15:56,747 - INFO - 
====================
成功处理：1725
输出文件：results\1725\reflectance_1725.csv
包含数据：60条记录
====================
2025-04-27 03:15:56,803 - INFO - 成功打开文件 .\meta_data\1722\results\REFLECTANCE_1722.dat
2025-04-27 03:15:56,803 - WARNING - 警告❕ 文件缺少地理参考信息
2025-04-27 03:15:57,548 - INFO - 
====================
成功处理：1722
输出文件：results\1722\reflectance_1722.csv
包含数据：61条记录
====================
2025-04-27 03:15:57,588 - INFO - 
✅ 反射率提取完成 耗时: 7.2秒
2025-04-27 03:15:57,588 - INFO - 
========================================
🏁 全部处理完成 | 总耗时: 7.4秒
========================================

